[19:41:07] [main/INFO]: Reloading ResourceManager: Default, bukkit
[19:41:08] [Worker-Main-14/INFO]: Loaded 7 recipes
[19:41:11] [Server thread/INFO]: Starting minecraft server version 1.16.5
[19:41:11] [Server thread/INFO]: Loading properties
[19:41:13] [Server thread/INFO]: This server is running CraftBukkit version 2995-Spigot-5bde311-0bad58f (MC: 1.16.5) (Implementing API version 1.16.5-R0.1-SNAPSHOT)
[19:41:13] [Server thread/INFO]: Using 4 threads for Netty based IO
[19:41:13] [Server thread/INFO]: Server Ping Player Sample Count: 12
[19:41:13] [Server thread/INFO]: Debug logging is disabled
[19:41:13] [Server thread/INFO]: Default game type: CREATIVE
[19:41:13] [Server thread/INFO]: Generating keypair
[19:41:13] [Server thread/INFO]: Starting Minecraft server on *:25565
[19:41:13] [Server thread/INFO]: Using default channel type
[19:41:15] [Server thread/WARN]: Initializing Legacy Material Support. Unless you have legacy plugins and/or data this is a bug!
[19:41:20] [Server thread/WARN]: Legacy plugin SetSpawn v2.1 does not specify an api-version.
[19:41:20] [Server thread/WARN]: Legacy plugin RaspberryJuice v1.7 does not specify an api-version.
[19:41:20] [Server thread/INFO]: [SetSpawn] Loading SetSpawn v2.1
[19:41:20] [Server thread/INFO]: [RaspberryJuice] Loading RaspberryJuice v1.7
[19:41:20] [Server thread/WARN]: **** SERVER IS RUNNING IN OFFLINE/INSECURE MODE!
[19:41:20] [Server thread/WARN]: The server will make no attempt to authenticate usernames. Beware.
[19:41:20] [Server thread/WARN]: While this makes the game possible to play without internet access, it also opens up the ability for hackers to connect with any username they choose.
[19:41:20] [Server thread/WARN]: To change this, set "online-mode" to "true" in the server.properties file.
[19:41:20] [Server thread/INFO]: Preparing level "world"
[19:41:20] [Server thread/INFO]: -------- World Settings For [world] --------
[19:41:20] [Server thread/INFO]: Entity Tracking Range: Pl 48 / An 48 / Mo 48 / Mi 32 / Other 64
[19:41:20] [Server thread/INFO]: Allow Zombie Pigmen to spawn from portal blocks: true
[19:41:20] [Server thread/INFO]: View Distance: 10
[19:41:20] [Server thread/INFO]: Item Despawn Rate: 6000
[19:41:20] [Server thread/INFO]: Item Merge Radius: 2.5
[19:41:20] [Server thread/INFO]: Zombie Aggressive Towards Villager: true
[19:41:20] [Server thread/INFO]: Nerfing mobs spawned from spawners: false
[19:41:20] [Server thread/INFO]: Arrow Despawn Rate: 1200 Trident Respawn Rate:1200
[19:41:20] [Server thread/INFO]: Custom Map Seeds:  Village: 10387312 Desert: 14357617 Igloo: 14357618 Jungle: 14357619 Swamp: 14357620 Monument: 10387313 Ocean: 14357621 Shipwreck: 165745295 End City: 10387313 Slime: 987234911 Bastion: 30084232 Fortress: 30084232 Mansion: 10387319 Fossil: 14357921 Portal: 34222645
[19:41:20] [Server thread/INFO]: Experience Merge Radius: 3.0
[19:41:20] [Server thread/INFO]: Cactus Growth Modifier: 100%
[19:41:20] [Server thread/INFO]: Cane Growth Modifier: 100%
[19:41:20] [Server thread/INFO]: Melon Growth Modifier: 100%
[19:41:20] [Server thread/INFO]: Mushroom Growth Modifier: 100%
[19:41:20] [Server thread/INFO]: Pumpkin Growth Modifier: 100%
[19:41:20] [Server thread/INFO]: Sapling Growth Modifier: 100%
[19:41:20] [Server thread/INFO]: Beetroot Growth Modifier: 100%
[19:41:20] [Server thread/INFO]: Carrot Growth Modifier: 100%
[19:41:20] [Server thread/INFO]: Potato Growth Modifier: 100%
[19:41:20] [Server thread/INFO]: Wheat Growth Modifier: 100%
[19:41:20] [Server thread/INFO]: NetherWart Growth Modifier: 100%
[19:41:20] [Server thread/INFO]: Vine Growth Modifier: 100%
[19:41:20] [Server thread/INFO]: Cocoa Growth Modifier: 100%
[19:41:20] [Server thread/INFO]: Bamboo Growth Modifier: 100%
[19:41:20] [Server thread/INFO]: SweetBerry Growth Modifier: 100%
[19:41:20] [Server thread/INFO]: Kelp Growth Modifier: 100%
[19:41:20] [Server thread/INFO]: Mob Spawn Range: 4
[19:41:20] [Server thread/INFO]: Max TNT Explosions: 100
[19:41:20] [Server thread/INFO]: Tile Max Tick Time: 50ms Entity max Tick Time: 50ms
[19:41:20] [Server thread/INFO]: Entity Activation Range: An 32 / Mo 32 / Ra 48 / Mi 16 / Tiv true
[19:41:20] [Server thread/INFO]: Hopper Transfer: 8 Hopper Check: 1 Hopper Amount: 1
[19:41:20] [Server thread/INFO]: -------- World Settings For [world_nether] --------
[19:41:20] [Server thread/INFO]: Entity Tracking Range: Pl 48 / An 48 / Mo 48 / Mi 32 / Other 64
[19:41:20] [Server thread/INFO]: Allow Zombie Pigmen to spawn from portal blocks: true
[19:41:20] [Server thread/INFO]: View Distance: 10
[19:41:20] [Server thread/INFO]: Item Despawn Rate: 6000
[19:41:20] [Server thread/INFO]: Item Merge Radius: 2.5
[19:41:20] [Server thread/INFO]: Zombie Aggressive Towards Villager: true
[19:41:20] [Server thread/INFO]: Nerfing mobs spawned from spawners: false
[19:41:20] [Server thread/INFO]: Arrow Despawn Rate: 1200 Trident Respawn Rate:1200
[19:41:20] [Server thread/INFO]: Custom Map Seeds:  Village: 10387312 Desert: 14357617 Igloo: 14357618 Jungle: 14357619 Swamp: 14357620 Monument: 10387313 Ocean: 14357621 Shipwreck: 165745295 End City: 10387313 Slime: 987234911 Bastion: 30084232 Fortress: 30084232 Mansion: 10387319 Fossil: 14357921 Portal: 34222645
[19:41:20] [Server thread/INFO]: Experience Merge Radius: 3.0
[19:41:20] [Server thread/INFO]: Cactus Growth Modifier: 100%
[19:41:20] [Server thread/INFO]: Cane Growth Modifier: 100%
[19:41:20] [Server thread/INFO]: Melon Growth Modifier: 100%
[19:41:20] [Server thread/INFO]: Mushroom Growth Modifier: 100%
[19:41:20] [Server thread/INFO]: Pumpkin Growth Modifier: 100%
[19:41:20] [Server thread/INFO]: Sapling Growth Modifier: 100%
[19:41:20] [Server thread/INFO]: Beetroot Growth Modifier: 100%
[19:41:20] [Server thread/INFO]: Carrot Growth Modifier: 100%
[19:41:20] [Server thread/INFO]: Potato Growth Modifier: 100%
[19:41:20] [Server thread/INFO]: Wheat Growth Modifier: 100%
[19:41:20] [Server thread/INFO]: NetherWart Growth Modifier: 100%
[19:41:20] [Server thread/INFO]: Vine Growth Modifier: 100%
[19:41:20] [Server thread/INFO]: Cocoa Growth Modifier: 100%
[19:41:20] [Server thread/INFO]: Bamboo Growth Modifier: 100%
[19:41:20] [Server thread/INFO]: SweetBerry Growth Modifier: 100%
[19:41:20] [Server thread/INFO]: Kelp Growth Modifier: 100%
[19:41:20] [Server thread/INFO]: Mob Spawn Range: 4
[19:41:20] [Server thread/INFO]: Max TNT Explosions: 100
[19:41:20] [Server thread/INFO]: Tile Max Tick Time: 50ms Entity max Tick Time: 50ms
[19:41:20] [Server thread/INFO]: Entity Activation Range: An 32 / Mo 32 / Ra 48 / Mi 16 / Tiv true
[19:41:20] [Server thread/INFO]: Hopper Transfer: 8 Hopper Check: 1 Hopper Amount: 1
[19:41:20] [Server thread/INFO]: -------- World Settings For [world_the_end] --------
[19:41:20] [Server thread/INFO]: Entity Tracking Range: Pl 48 / An 48 / Mo 48 / Mi 32 / Other 64
[19:41:20] [Server thread/INFO]: Allow Zombie Pigmen to spawn from portal blocks: true
[19:41:20] [Server thread/INFO]: View Distance: 10
[19:41:20] [Server thread/INFO]: Item Despawn Rate: 6000
[19:41:20] [Server thread/INFO]: Item Merge Radius: 2.5
[19:41:20] [Server thread/INFO]: Zombie Aggressive Towards Villager: true
[19:41:20] [Server thread/INFO]: Nerfing mobs spawned from spawners: false
[19:41:20] [Server thread/INFO]: Arrow Despawn Rate: 1200 Trident Respawn Rate:1200
[19:41:20] [Server thread/INFO]: Custom Map Seeds:  Village: 10387312 Desert: 14357617 Igloo: 14357618 Jungle: 14357619 Swamp: 14357620 Monument: 10387313 Ocean: 14357621 Shipwreck: 165745295 End City: 10387313 Slime: 987234911 Bastion: 30084232 Fortress: 30084232 Mansion: 10387319 Fossil: 14357921 Portal: 34222645
[19:41:20] [Server thread/INFO]: Experience Merge Radius: 3.0
[19:41:20] [Server thread/INFO]: Cactus Growth Modifier: 100%
[19:41:20] [Server thread/INFO]: Cane Growth Modifier: 100%
[19:41:20] [Server thread/INFO]: Melon Growth Modifier: 100%
[19:41:20] [Server thread/INFO]: Mushroom Growth Modifier: 100%
[19:41:20] [Server thread/INFO]: Pumpkin Growth Modifier: 100%
[19:41:20] [Server thread/INFO]: Sapling Growth Modifier: 100%
[19:41:20] [Server thread/INFO]: Beetroot Growth Modifier: 100%
[19:41:20] [Server thread/INFO]: Carrot Growth Modifier: 100%
[19:41:20] [Server thread/INFO]: Potato Growth Modifier: 100%
[19:41:20] [Server thread/INFO]: Wheat Growth Modifier: 100%
[19:41:20] [Server thread/INFO]: NetherWart Growth Modifier: 100%
[19:41:20] [Server thread/INFO]: Vine Growth Modifier: 100%
[19:41:20] [Server thread/INFO]: Cocoa Growth Modifier: 100%
[19:41:20] [Server thread/INFO]: Bamboo Growth Modifier: 100%
[19:41:20] [Server thread/INFO]: SweetBerry Growth Modifier: 100%
[19:41:20] [Server thread/INFO]: Kelp Growth Modifier: 100%
[19:41:20] [Server thread/INFO]: Mob Spawn Range: 4
[19:41:20] [Server thread/INFO]: Max TNT Explosions: 100
[19:41:20] [Server thread/INFO]: Tile Max Tick Time: 50ms Entity max Tick Time: 50ms
[19:41:20] [Server thread/INFO]: Entity Activation Range: An 32 / Mo 32 / Ra 48 / Mi 16 / Tiv true
[19:41:20] [Server thread/INFO]: Hopper Transfer: 8 Hopper Check: 1 Hopper Amount: 1
[19:41:21] [Server thread/INFO]: Preparing start region for dimension minecraft:overworld
[19:41:23] [Server thread/INFO]: Preparing spawn area: 0%
[19:41:23] [Server thread/INFO]: Preparing spawn area: 0%
[19:41:23] [Server thread/INFO]: Preparing spawn area: 0%
[19:41:23] [Server thread/INFO]: Preparing spawn area: 0%
[19:41:23] [Server thread/INFO]: Preparing spawn area: 0%
[19:41:23] [Server thread/INFO]: Preparing spawn area: 0%
[19:41:24] [Server thread/INFO]: Preparing spawn area: 83%
[19:41:24] [Server thread/INFO]: Time elapsed: 3312 ms
[19:41:24] [Server thread/INFO]: Preparing start region for dimension minecraft:the_nether
[19:41:25] [Server thread/INFO]: Preparing spawn area: 0%
[19:41:25] [Server thread/INFO]: Preparing spawn area: 0%
[19:41:25] [Server thread/INFO]: Preparing spawn area: 0%
[19:41:25] [Server thread/INFO]: Preparing spawn area: 0%
[19:41:26] [Worker-Main-11/INFO]: Preparing spawn area: 83%
[19:41:26] [Worker-Main-15/INFO]: Preparing spawn area: 83%
[19:41:27] [Worker-Main-15/INFO]: Preparing spawn area: 83%
[19:41:27] [Worker-Main-16/INFO]: Preparing spawn area: 85%
[19:41:28] [Worker-Main-11/INFO]: Preparing spawn area: 90%
[19:41:28] [Worker-Main-17/INFO]: Preparing spawn area: 98%
[19:41:28] [Server thread/INFO]: Time elapsed: 4597 ms
[19:41:28] [Server thread/INFO]: Preparing start region for dimension minecraft:the_end
[19:41:29] [Server thread/INFO]: Preparing spawn area: 0%
[19:41:29] [Worker-Main-9/INFO]: Preparing spawn area: 83%
[19:41:29] [Server thread/INFO]: Time elapsed: 907 ms
[19:41:29] [Server thread/INFO]: [SetSpawn] Enabling SetSpawn v2.1
[19:41:29] [Server thread/INFO]: [RaspberryJuice] Enabling RaspberryJuice v1.7
[19:41:29] [Server thread/INFO]: [RaspberryJuice] ThreadListener Started
[19:41:29] [Server thread/INFO]: Server permissions file permissions.yml is empty, ignoring it
[19:41:29] [Server thread/INFO]: Done (9.613s)! For help, type "help"
[19:42:15] [User Authenticator #1/INFO]: UUID of player Drochik is a21e1bcf-8397-38f5-b1df-7e9d47882177
[19:42:15] [Server thread/INFO]: Drochik[/127.0.0.1:57728] logged in with entity id 99 at ([world]1563.460122857586, 151.38708112508152, 375.2525843198929)
[19:42:33] [Thread-14/INFO]: [RaspberryJuice] Starting input thread
[19:42:33] [Thread-13/INFO]: [RaspberryJuice] Opened connection to/127.0.0.1:57831.
[19:42:33] [Thread-15/INFO]: [RaspberryJuice] Starting output thread!
[19:42:33] [Server thread/INFO]: MINECRAFT RALLY[m
[19:42:34] [Server thread/INFO]: GAME OVER[m
[19:42:34] [Server thread/INFO]: TOTAL SCORE: 0[m
[19:42:34] [Server thread/INFO]: [RaspberryJuice] Closed connection to/127.0.0.1:57831.
[19:42:50] [Thread-13/INFO]: [RaspberryJuice] Opened connection to/127.0.0.1:65413.
[19:42:50] [Thread-16/INFO]: [RaspberryJuice] Starting input thread
[19:42:50] [Thread-17/INFO]: [RaspberryJuice] Starting output thread!
[19:42:50] [Server thread/INFO]: MINECRAFT RALLY[m
[19:43:01] [Server thread/INFO]: SCORE: 10[m
[19:43:05] [Server thread/INFO]: SCORE: 30[m
[19:43:05] [Server thread/INFO]: SCORE: 40[m
[19:43:09] [Server thread/INFO]: SCORE: 60[m
[19:43:11] [Server thread/INFO]: SCORE: 80[m
[19:43:11] [Server thread/INFO]: SCORE: 90[m
[19:43:11] [Server thread/INFO]: SCORE: 95[m
[19:43:15] [Server thread/INFO]: SCORE: 100[m
[19:43:16] [Server thread/INFO]: SCORE: 110[m
[19:43:20] [Server thread/INFO]: SCORE: 120[m
[19:43:21] [Server thread/INFO]: SCORE: 140[m
[19:43:23] [Server thread/INFO]: SCORE: 160[m
[19:43:24] [Server thread/INFO]: SCORE: 170[m
[19:43:25] [Server thread/INFO]: SCORE: 190[m
[19:43:26] [Server thread/INFO]: SCORE: 195[m
[19:43:27] [Server thread/INFO]: SCORE: 215[m
[19:43:28] [Server thread/INFO]: SCORE: 235[m
[19:43:30] [Server thread/INFO]: SCORE: 240[m
[19:43:30] [Server thread/INFO]: SCORE: 260[m
[19:43:33] [Server thread/INFO]: SCORE: 280[m
[19:43:34] [Server thread/INFO]: CRASH! LIVES: 2[m
[19:43:36] [Server thread/INFO]: GAME OVER[m
[19:43:36] [Server thread/INFO]: TOTAL SCORE: 280[m
[19:43:36] [Server thread/INFO]: [RaspberryJuice] Closed connection to/127.0.0.1:65413.
[19:45:24] [Thread-13/INFO]: [RaspberryJuice] Opened connection to/127.0.0.1:59994.
[19:45:24] [Thread-18/INFO]: [RaspberryJuice] Starting input thread
[19:45:24] [Thread-19/INFO]: [RaspberryJuice] Starting output thread!
[19:45:24] [Server thread/INFO]: MINI RALLY[m
[19:45:24] [Server thread/INFO]: FINAL: 0[m
[19:45:24] [Server thread/INFO]: [RaspberryJuice] Closed connection to/127.0.0.1:59994.
[19:45:28] [Thread-13/INFO]: [RaspberryJuice] Opened connection to/127.0.0.1:58139.
[19:45:28] [Thread-23/INFO]: [RaspberryJuice] Starting input thread
[19:45:28] [Thread-24/INFO]: [RaspberryJuice] Starting output thread!
[19:45:28] [Server thread/INFO]: MINI RALLY[m
[19:45:32] [Server thread/INFO]: S: 20[m
[19:45:41] [Server thread/INFO]: S: 25[m
[19:45:41] [Server thread/INFO]: S: 45[m
[19:45:45] [Server thread/INFO]: S: 50[m
[19:45:47] [Server thread/INFO]: S: 55[m
[19:45:47] [Server thread/INFO]: S: 75[m
[19:45:47] [Server thread/INFO]: S: 85[m
[19:45:47] [Server thread/INFO]: S: 95[m
[19:45:48] [Server thread/INFO]: S: 105[m
[19:45:53] [Server thread/INFO]: CRASH! L: 2[m
[19:45:56] [Server thread/INFO]: S: 110[m
[19:45:57] [Server thread/INFO]: S: 115[m
[19:45:58] [Server thread/INFO]: CRASH! L: 1[m
[19:45:59] [Server thread/INFO]: S: 120[m
[19:45:59] [Server thread/INFO]: S: 140[m
[19:45:59] [Server thread/INFO]: S: 160[m
[19:46:00] [Server thread/INFO]: S: 170[m
[19:46:03] [Server thread/INFO]: S: 190[m
[19:46:08] [Server thread/INFO]: S: 195[m
[19:46:09] [Server thread/INFO]: S: 200[m
[19:46:12] [Server thread/INFO]: S: 205[m
[19:46:12] [Server thread/INFO]: FINAL: 205[m
[19:46:12] [Server thread/INFO]: [RaspberryJuice] Closed connection to/127.0.0.1:58139.
[19:47:17] [Thread-13/INFO]: [RaspberryJuice] Opened connection to/127.0.0.1:56113.
[19:47:17] [Thread-31/INFO]: [RaspberryJuice] Starting input thread
[19:47:17] [Thread-32/INFO]: [RaspberryJuice] Starting output thread!
[19:47:17] [Server thread/INFO]: SLOW RALLY[m
[19:47:17] [Server thread/INFO]: FINAL: 0[m
[19:47:17] [Server thread/INFO]: [RaspberryJuice] Closed connection to/127.0.0.1:56113.
[19:47:30] [Thread-13/INFO]: [RaspberryJuice] Opened connection to/127.0.0.1:57819.
[19:47:30] [Thread-33/INFO]: [RaspberryJuice] Starting input thread
[19:47:30] [Thread-34/INFO]: [RaspberryJuice] Starting output thread!
[19:47:30] [Server thread/INFO]: SLOW RALLY[m
[19:47:49] [Server thread/INFO]: S: 10[m
[19:48:01] [Server thread/INFO]: S: 15[m
[19:48:02] [Server thread/INFO]: S: 25[m
[19:48:03] [Server thread/INFO]: S: 35[m
[19:48:07] [Server thread/INFO]: S: 40[m
[19:48:08] [Server thread/INFO]: S: 60[m
[19:48:17] [Server thread/INFO]: S: 70[m
[19:48:18] [Server thread/INFO]: S: 90[m
[19:48:22] [Server thread/INFO]: S: 100[m
[19:48:24] [Server thread/INFO]: S: 110[m
[19:48:26] [Server thread/INFO]: S: 130[m
[19:48:31] [Server thread/INFO]: S: 150[m
[19:48:31] [Server thread/INFO]: S: 160[m
[19:48:34] [Server thread/INFO]: S: 180[m
[19:48:36] [Server thread/INFO]: S: 190[m
[19:48:38] [Server thread/INFO]: S: 210[m
[19:48:38] [Server thread/INFO]: FINAL: 210[m
[19:48:38] [Server thread/INFO]: [RaspberryJuice] Closed connection to/127.0.0.1:57819.
[19:50:00] [Thread-13/INFO]: [RaspberryJuice] Opened connection to/127.0.0.1:55956.
[19:50:00] [Thread-35/INFO]: [RaspberryJuice] Starting input thread
[19:50:00] [Thread-36/INFO]: [RaspberryJuice] Starting output thread!
[19:50:00] [Server thread/INFO]: NITRO RALLY[m
[19:50:06] [Server thread/INFO]: NITRO!!![m
[19:50:07] [Server thread/INFO]: S: 40[m
[19:50:08] [Server thread/INFO]: S: 80[m
[19:50:08] [Server thread/INFO]: S: 100[m
[19:50:10] [Server thread/INFO]: S: 110[m
[19:50:10] [Server thread/INFO]: S: 130[m
[19:50:14] [Server thread/INFO]: NITRO!!![m
[19:50:14] [Server thread/INFO]: S: 170[m
[19:50:17] [Server thread/INFO]: S: 180[m
[19:50:19] [Server thread/INFO]: S: 190[m
[19:50:19] [Server thread/INFO]: S: 210[m
[19:50:19] [Server thread/INFO]: S: 230[m
[19:50:22] [Server thread/INFO]: NITRO!!![m
[19:50:24] [Server thread/INFO]: S: 250[m
[19:50:24] [Server thread/INFO]: S: 290[m
[19:50:25] [Server thread/INFO]: S: 310[m
[19:50:27] [Server thread/INFO]: S: 320[m
[19:50:30] [Server thread/INFO]: S: 330[m
[19:50:33] [Server thread/INFO]: NITRO!!![m
[19:50:34] [Server thread/INFO]: S: 340[m
[19:50:34] [Server thread/INFO]: S: 360[m
[19:50:35] [Server thread/INFO]: S: 380[m
[19:50:35] [Server thread/INFO]: S: 390[m
[19:50:36] [Server thread/INFO]: S: 400[m
[19:50:39] [Server thread/INFO]: S: 420[m
[19:50:41] [Server thread/INFO]: NITRO!!![m
[19:50:42] [Server thread/INFO]: S: 440[m
[19:50:44] [Server thread/INFO]: S: 450[m
[19:50:46] [Server thread/INFO]: S: 460[m
[19:50:47] [Server thread/INFO]: CRASH! L: 2[m
[19:50:47] [Server thread/INFO]: CRASH! L: 1[m
[19:50:49] [Server thread/INFO]: S: 470[m
[19:50:50] [Server thread/INFO]: NITRO!!![m
[19:50:50] [Server thread/INFO]: S: 510[m
[19:50:52] [Server thread/INFO]: S: 530[m
[19:50:52] [Server thread/INFO]: S: 570[m
[19:50:55] [Server thread/INFO]: S: 580[m
[19:50:57] [Server thread/INFO]: S: 590[m
[19:51:02] [Server thread/INFO]: NITRO!!![m
[19:51:03] [Server thread/INFO]: S: 600[m
[19:51:04] [Server thread/INFO]: S: 610[m
[19:51:04] [Server thread/INFO]: S: 650[m
[19:51:04] [Server thread/INFO]: S: 690[m
[19:51:04] [Server thread/INFO]: S: 730[m
[19:51:14] [Server thread/INFO]: FINAL: 730[m
[19:51:14] [Server thread/INFO]: [RaspberryJuice] Closed connection to/127.0.0.1:55956.
[19:52:13] [Thread-13/INFO]: [RaspberryJuice] Opened connection to/127.0.0.1:63533.
[19:52:13] [Thread-44/INFO]: [RaspberryJuice] Starting output thread!
[19:52:13] [Thread-43/INFO]: [RaspberryJuice] Starting input thread
[19:52:13] [Server thread/INFO]: NITRO RALLY[m
[19:52:20] [Server thread/INFO]: NITRO!!![m
[19:52:20] [Server thread/INFO]: S: 40[m
[19:52:27] [Server thread/INFO]: S: 50[m
[19:52:27] [Server thread/INFO]: S: 70[m
[19:52:27] [Server thread/INFO]: S: 90[m
[19:52:28] [Server thread/INFO]: NITRO!!![m
[19:52:28] [Server thread/INFO]: S: 100[m
[19:52:29] [Server thread/INFO]: S: 120[m
[19:52:36] [Server thread/INFO]: NITRO!!![m
[19:52:37] [Server thread/INFO]: S: 130[m
[19:52:37] [Server thread/INFO]: S: 170[m
[19:52:38] [Server thread/INFO]: S: 180[m
[19:52:38] [Server thread/INFO]: S: 200[m
[19:52:39] [Server thread/INFO]: S: 220[m
[19:52:41] [Server thread/INFO]: S: 240[m
[19:52:45] [Server thread/INFO]: NITRO!!![m
[19:52:45] [Server thread/INFO]: S: 260[m
[19:52:45] [Server thread/INFO]: S: 300[m
[19:52:47] [Server thread/INFO]: S: 320[m
[19:52:50] [Server thread/INFO]: S: 330[m
[19:52:52] [Server thread/INFO]: S: 340[m
[19:52:59] [Server thread/INFO]: S: 345[m
[19:53:00] [Server thread/INFO]: S: 355[m
[19:53:01] [Server thread/INFO]: S: 360[m
[19:53:02] [Server thread/INFO]: S: 370[m
[19:53:04] [Server thread/INFO]: S: 390[m
[19:53:04] [Server thread/INFO]: NITRO!!![m
[19:53:04] [Server thread/INFO]: S: 410[m
[19:53:05] [Server thread/INFO]: S: 450[m
[19:53:08] [Server thread/INFO]: S: 460[m
[19:53:08] [Server thread/INFO]: S: 480[m
[19:53:12] [Server thread/INFO]: NITRO!!![m
[19:53:13] [Server thread/INFO]: S: 500[m
[19:53:13] [Server thread/INFO]: S: 520[m
[19:53:14] [Server thread/INFO]: S: 540[m
[19:53:16] [Server thread/INFO]: S: 550[m
[19:53:18] [Server thread/INFO]: S: 560[m
[19:53:18] [Server thread/INFO]: FINAL: 560[m
[19:53:18] [Server thread/INFO]: [RaspberryJuice] Closed connection to/127.0.0.1:63533.
[19:55:01] [Thread-13/INFO]: [RaspberryJuice] Opened connection to/127.0.0.1:54090.
[19:55:01] [Thread-45/INFO]: [RaspberryJuice] Starting input thread
[19:55:01] [Thread-46/INFO]: [RaspberryJuice] Starting output thread!
[19:55:01] [Server thread/INFO]: [RaspberryJuice] Closed connection to/127.0.0.1:54090.
[19:55:08] [Thread-13/INFO]: [RaspberryJuice] Opened connection to/127.0.0.1:54119.
[19:55:08] [Thread-47/INFO]: [RaspberryJuice] Starting input thread
[19:55:08] [Thread-48/INFO]: [RaspberryJuice] Starting output thread!
[19:55:08] [Server thread/INFO]: [RaspberryJuice] Closed connection to/127.0.0.1:54119.
[19:57:28] [Thread-13/INFO]: [RaspberryJuice] Opened connection to/127.0.0.1:53173.
[19:57:28] [Thread-54/INFO]: [RaspberryJuice] Starting output thread!
[19:57:28] [Thread-53/INFO]: [RaspberryJuice] Starting input thread
[19:57:28] [Server thread/INFO]: NITRO RALLY: COINS & MOTION[m
[19:57:28] [Server thread/INFO]: [RaspberryJuice] Closed connection to/127.0.0.1:53173.
[19:58:31] [Thread-13/INFO]: [RaspberryJuice] Opened connection to/127.0.0.1:62859.
[19:58:31] [Thread-58/INFO]: [RaspberryJuice] Starting input thread
[19:58:31] [Thread-59/INFO]: [RaspberryJuice] Starting output thread!
[19:58:31] [Server thread/INFO]: NITRO RALLY START![m
[19:58:38] [Server thread/INFO]: COIN! +50[m
[19:58:40] [Server thread/INFO]: COIN! +50[m
[19:58:48] [Server thread/INFO]: COIN! +50[m
[19:58:49] [Server thread/INFO]: !!! NITRO !!![m
[19:59:01] [Server thread/INFO]: !!! NITRO !!![m
[19:59:08] [Server thread/INFO]: GAME OVER. SCORE: 400[m
[19:59:08] [Server thread/INFO]: [RaspberryJuice] Closed connection to/127.0.0.1:62859.
[20:00:21] [Thread-13/INFO]: [RaspberryJuice] Opened connection to/127.0.0.1:64133.
[20:00:21] [Thread-60/INFO]: [RaspberryJuice] Starting input thread
[20:00:21] [Thread-61/INFO]: [RaspberryJuice] Starting output thread!
[20:00:21] [Server thread/INFO]: SMART NITRO RALLY[m
[20:00:27] [Server thread/INFO]: NITRO![m
[20:00:37] [Server thread/INFO]: NITRO![m
[20:00:48] [Server thread/INFO]: NITRO![m
[20:00:56] [Server thread/INFO]: NITRO![m
[20:01:00] [Server thread/INFO]: FINAL SCORE: 100[m
[20:01:00] [Server thread/INFO]: [RaspberryJuice] Closed connection to/127.0.0.1:64133.
[20:02:08] [Thread-13/INFO]: [RaspberryJuice] Opened connection to/127.0.0.1:62877.
[20:02:08] [Thread-70/INFO]: [RaspberryJuice] Starting input thread
[20:02:08] [Thread-71/INFO]: [RaspberryJuice] Starting output thread!
[20:02:08] [Server thread/INFO]: FAST NITRO RALLY[m
[20:02:12] [Server thread/INFO]: NITRO![m
[20:02:24] [Server thread/INFO]: NITRO![m
[20:02:33] [Server thread/INFO]: NITRO![m
[20:02:42] [Server thread/INFO]: FINAL SCORE: 255[m
[20:02:42] [Server thread/INFO]: [RaspberryJuice] Closed connection to/127.0.0.1:62877.
[20:03:43] [Thread-13/INFO]: [RaspberryJuice] Opened connection to/127.0.0.1:55908.
[20:03:43] [Thread-76/INFO]: [RaspberryJuice] Starting output thread!
[20:03:43] [Thread-75/INFO]: [RaspberryJuice] Starting input thread
[20:03:43] [Server thread/INFO]: FAST NITRO RALLY[m
[20:03:58] [Server thread/INFO]: [RaspberryJuice] Closed connection to/127.0.0.1:55908.
[20:03:58] [Thread-13/INFO]: [RaspberryJuice] Opened connection to/127.0.0.1:55976.
[20:03:58] [Thread-79/INFO]: [RaspberryJuice] Starting input thread
[20:03:58] [Thread-80/INFO]: [RaspberryJuice] Starting output thread!
[20:03:58] [Server thread/INFO]: FAST NITRO RALLY[m
[20:03:59] [Server thread/INFO]: FINAL SCORE: 0[m
[20:03:59] [Server thread/INFO]: [RaspberryJuice] Closed connection to/127.0.0.1:55976.
[20:04:03] [Thread-13/INFO]: [RaspberryJuice] Opened connection to/127.0.0.1:55999.
[20:04:03] [Thread-81/INFO]: [RaspberryJuice] Starting input thread
[20:04:03] [Thread-82/INFO]: [RaspberryJuice] Starting output thread!
[20:04:03] [Server thread/INFO]: FAST NITRO RALLY[m
[20:04:13] [Server thread/INFO]: NITRO![m
[20:04:25] [Server thread/INFO]: NITRO![m
[20:04:45] [Server thread/INFO]: NITRO![m
[20:04:56] [Server thread/INFO]: NITRO![m
[20:05:16] [Server thread/INFO]: NITRO![m
[20:05:26] [Server thread/INFO]: FINAL SCORE: 590[m
[20:05:26] [Server thread/INFO]: [RaspberryJuice] Closed connection to/127.0.0.1:55999.
[20:27:15] [Server thread/INFO]: Drochik lost connection: Disconnected
[20:27:15] [Server thread/INFO]: Drochik left the game
